warning: associated function `new` is never used
  --> src/detectors/candles/candle.rs:27:8
   |
26 | impl Candle {
   | ----------- associated function in this implementation
27 |     fn new(open: f64, high: f64, low:f64, close: f64, timestamp: u64, is_closed: String) -> Self {
   |        ^^^
   |
   = note: `#[warn(dead_code)]` (part of `#[warn(unused)]`) on by default

warning: associated items `new` and `slider` are never used
  --> src/detectors/swings/swing.rs:22:8
   |
21 | impl<'a> SwingBuffer<'a>{
   | ------------------------ associated items in this implementation
22 |     fn new(max_size: usize) -> Self {
   |        ^^^
...
30 |     fn slider(&mut self, current_candle: &'a Candle){
   |        ^^^^^^

warning: crate `AlphaRust` should have a snake case name
  |
  = help: convert the identifier to snake case: `alpha_rust`
  = note: `#[warn(non_snake_case)]` (part of `#[warn(nonstandard_style)]`) on by default

   Compiling AlphaRust v0.1.0 (/Users/dakotahtorres/Desktop/Organized_Desktop/AlphaRust)
warning: `AlphaRust` (lib) generated 3 warnings
warning: variable does not need to be mutable
  --> src/test/candle_test.rs:32:13
   |
32 |         let mut ingester = CandleIngester::new(test_data);
   |             ----^^^^^^^^
   |             |
   |             help: remove this `mut`
   |
   = note: `#[warn(unused_mut)]` (part of `#[warn(unused)]`) on by default

warning: variable does not need to be mutable
  --> src/test/candle_test.rs:36:13
   |
36 |         let mut count = 0;
   |             ----^^^^^
   |             |
   |             help: remove this `mut`

warning: unused variable: `start`
  --> src/test/candle_test.rs:35:13
   |
35 |         let start = Instant::now();
   |             ^^^^^ help: if this is intentional, prefix it with an underscore: `_start`
   |
   = note: `#[warn(unused_variables)]` (part of `#[warn(unused)]`) on by default

warning: unused variable: `count`
  --> src/test/candle_test.rs:36:13
   |
36 |         let mut count = 0;
   |             ^^^^^^^^^ help: if this is intentional, prefix it with an underscore: `_count`

warning: variable does not need to be mutable
  --> src/test/candle_test.rs:58:13
   |
58 |         let mut ingester = CandleIngester::new(test_data);
   |             ----^^^^^^^^
   |             |
   |             help: remove this `mut`

warning: variable does not need to be mutable
  --> src/test/candle_test.rs:62:13
   |
62 |         let mut count = 0;
   |             ----^^^^^
   |             |
   |             help: remove this `mut`

warning: unused variable: `start`
  --> src/test/candle_test.rs:61:13
   |
61 |         let start = Instant::now();
   |             ^^^^^ help: if this is intentional, prefix it with an underscore: `_start`

warning: unused variable: `count`
  --> src/test/candle_test.rs:62:13
   |
62 |         let mut count = 0;
   |             ^^^^^^^^^ help: if this is intentional, prefix it with an underscore: `_count`

warning: variable does not need to be mutable
  --> src/test/candle_test.rs:84:13
   |
84 |         let mut ingester = CandleIngester::new(test_data);
   |             ----^^^^^^^^
   |             |
   |             help: remove this `mut`

warning: variable does not need to be mutable
  --> src/test/candle_test.rs:88:13
   |
88 |         let mut count = 0;
   |             ----^^^^^
   |             |
   |             help: remove this `mut`

warning: unused variable: `start`
  --> src/test/candle_test.rs:87:13
   |
87 |         let start = Instant::now();
   |             ^^^^^ help: if this is intentional, prefix it with an underscore: `_start`

warning: unused variable: `count`
  --> src/test/candle_test.rs:88:13
   |
88 |         let mut count = 0;
   |             ^^^^^^^^^ help: if this is intentional, prefix it with an underscore: `_count`

warning: variable does not need to be mutable
   --> src/test/candle_test.rs:110:13
    |
110 |         let mut ingester = CandleIngester::new(test_data);
    |             ----^^^^^^^^
    |             |
    |             help: remove this `mut`

warning: variable does not need to be mutable
   --> src/test/candle_test.rs:114:13
    |
114 |         let mut count = 0;
    |             ----^^^^^
    |             |
    |             help: remove this `mut`

warning: unused variable: `start`
   --> src/test/candle_test.rs:113:13
    |
113 |         let start = Instant::now();
    |             ^^^^^ help: if this is intentional, prefix it with an underscore: `_start`

warning: unused variable: `count`
   --> src/test/candle_test.rs:114:13
    |
114 |         let mut count = 0;
    |             ^^^^^^^^^ help: if this is intentional, prefix it with an underscore: `_count`

warning: function `performance_test_100K` should have a snake case name
  --> src/test/candle_test.rs:51:8
   |
51 |     fn performance_test_100K() -> Result<(), Box<dyn std::error::Error>>{
   |        ^^^^^^^^^^^^^^^^^^^^^ help: convert the identifier to snake case: `performance_test_100_k`
   |
   = note: `#[warn(non_snake_case)]` (part of `#[warn(nonstandard_style)]`) on by default

warning: function `performance_test_500K` should have a snake case name
  --> src/test/candle_test.rs:77:8
   |
77 |     fn performance_test_500K() -> Result<(), Box<dyn std::error::Error>>{
   |        ^^^^^^^^^^^^^^^^^^^^^ help: convert the identifier to snake case: `performance_test_500_k`

warning: function `performance_test_1M` should have a snake case name
   --> src/test/candle_test.rs:103:8
    |
103 |     fn performance_test_1M() -> Result<(), Box<dyn std::error::Error>>{
    |        ^^^^^^^^^^^^^^^^^^^ help: convert the identifier to snake case: `performance_test_1_m`

warning: `AlphaRust` (lib test) generated 21 warnings (2 duplicates) (run `cargo fix --lib -p AlphaRust --tests` to apply 16 suggestions)
    Finished `release` profile [optimized] target(s) in 1.20s
     Running unittests src/lib.rs (target/release/deps/AlphaRust-7d9b08bb0d44632b)

running 5 tests
test test::candle_test::test::candle_ingestion_test ... ok
--- PERFORMANCE REPORT ---
Total Candles: 10000
Total Time: 24.315794ms
Speed: 411255.33 candles/sec
test test::candle_test::test::performance_test ... ok
--- PERFORMANCE REPORT ---
Total Candles: 100000
Total Time: 209.373855ms
Speed: 477614.55 candles/sec
test test::candle_test::test::performance_test_100K ... ok
--- PERFORMANCE REPORT ---
Total Candles: 500000
Total Time: 1.009759804s
Speed: 495167.26 candles/sec
test test::candle_test::test::performance_test_500K ... ok
--- PERFORMANCE REPORT ---
Total Candles: 1000000
Total Time: 2.174921086s
Speed: 459786.80 candles/sec
test test::candle_test::test::performance_test_1M ... ok

test result: ok. 5 passed; 0 failed; 0 ignored; 0 measured; 0 filtered out; finished in 2.18s

     Running unittests src/bin/generator.rs (target/release/deps/generator-8a8e8aead90f47d5)

running 0 tests

test result: ok. 0 passed; 0 failed; 0 ignored; 0 measured; 0 filtered out; finished in 0.00s

   Doc-tests AlphaRust

running 0 tests

test result: ok. 0 passed; 0 failed; 0 ignored; 0 measured; 0 filtered out; finished in 0.00s

