warning: associated function `new` is never used
  --> src/detectors/candles/candle.rs:32:8
   |
31 | impl Candle {
   | ----------- associated function in this implementation
32 |     fn new(open: f64, high: f64, low:f64, close: f64, timestamp: u64, is_closed: bo...
   |        ^^^
   |
   = note: `#[warn(dead_code)]` (part of `#[warn(unused)]`) on by default

warning: associated items `new` and `slider` are never used
  --> src/detectors/swings/swing.rs:22:8
   |
21 | impl<'a> SwingBuffer<'a>{
   | ------------------------ associated items in this implementation
22 |     fn new(max_size: usize) -> Self {
   |        ^^^
...
30 |     fn slider(&mut self, current_candle: &'a Candle){
   |        ^^^^^^

warning: crate `AlphaRust` should have a snake case name
  |
  = help: convert the identifier to snake case: `alpha_rust`
  = note: `#[warn(non_snake_case)]` (part of `#[warn(nonstandard_style)]`) on by default

   Compiling AlphaRust v0.1.0 (/Users/dakotahtorres/Desktop/Organized_Desktop/AlphaRust)
warning: `AlphaRust` (lib) generated 3 warnings
warning: unused import: `std::time::Instant`
 --> src/test/candle_test.rs:5:9
  |
5 |     use std::time::Instant;
  |         ^^^^^^^^^^^^^^^^^^
  |
  = note: `#[warn(unused_imports)]` (part of `#[warn(unused)]`) on by default

warning: `AlphaRust` (lib test) generated 3 warnings (2 duplicates) (run `cargo fix --lib -p AlphaRust --tests` to apply 1 suggestion)
    Finished `release` profile [optimized] target(s) in 0.89s
     Running unittests src/lib.rs (target/release/deps/AlphaRust-7d9b08bb0d44632b)

running 2 tests
test test::candle_test::test::candle_ingestion_test ... ok
--- 10K ---
Total Candles: 10000
Total Time: 4.402466ms
Speed: 2271454.23 candles/sec
--- 100k ---
Total Candles: 100000
Total Time: 35.471216ms
Speed: 2819187.25 candles/sec
--- 500k ---
Total Candles: 500000
Total Time: 167.956366ms
Speed: 2976963.67 candles/sec
--- 1M ---
Total Candles: 1000000
Total Time: 324.97466ms
Speed: 3077163.00 candles/sec
--- 10M ---
Total Candles: 10000000
Total Time: 3.228731832s
Speed: 3097191.26 candles/sec
test test::candle_test::test::performance_test_all ... ok

test result: ok. 2 passed; 0 failed; 0 ignored; 0 measured; 0 filtered out; finished in 3.76s

     Running unittests src/bin/generator.rs (target/release/deps/generator-8a8e8aead90f47d5)

running 0 tests

test result: ok. 0 passed; 0 failed; 0 ignored; 0 measured; 0 filtered out; finished in 0.00s

   Doc-tests AlphaRust

running 0 tests

test result: ok. 0 passed; 0 failed; 0 ignored; 0 measured; 0 filtered out; finished in 0.00s

